<?xml version="1.0" encoding="UTF-8"?>
<testsuite xmlns:xsi="http://www.w3.org/2001/XMLSchema-instance" xsi:noNamespaceSchemaLocation="https://maven.apache.org/surefire/maven-surefire-plugin/xsd/surefire-test-report.xsd" name="com.karuslabs.smoke.LogTest" time="0.025" tests="10" errors="0" skipped="0" failures="0">
  <properties>
    <property name="java.specification.version" value="14"/>
    <property name="sun.jnu.encoding" value="UTF-8"/>
    <property name="java.class.path" value="/Users/matthiasngeo/Documents/NetBeansProjects/Chimera/puff/target/test-classes:/Users/matthiasngeo/Documents/NetBeansProjects/Chimera/puff/target/classes:/Users/matthiasngeo/.m2/repository/com/karuslabs/annotations/4.9.0-SNAPSHOT/annotations-4.9.0-SNAPSHOT.jar:/Users/matthiasngeo/.m2/repository/org/checkerframework/checker-qual/3.7.0/checker-qual-3.7.0.jar:/Users/matthiasngeo/.m2/repository/org/junit/jupiter/junit-jupiter-api/5.7.0/junit-jupiter-api-5.7.0.jar:/Users/matthiasngeo/.m2/repository/org/apiguardian/apiguardian-api/1.1.0/apiguardian-api-1.1.0.jar:/Users/matthiasngeo/.m2/repository/org/opentest4j/opentest4j/1.2.0/opentest4j-1.2.0.jar:/Users/matthiasngeo/.m2/repository/org/junit/platform/junit-platform-commons/1.7.0/junit-platform-commons-1.7.0.jar:/Users/matthiasngeo/.m2/repository/org/junit/platform/junit-platform-launcher/1.7.0/junit-platform-launcher-1.7.0.jar:/Users/matthiasngeo/.m2/repository/org/junit/platform/junit-platform-engine/1.7.0/junit-platform-engine-1.7.0.jar:/Users/matthiasngeo/.m2/repository/org/junit/jupiter/junit-jupiter-engine/5.7.0/junit-jupiter-engine-5.7.0.jar:/Users/matthiasngeo/.m2/repository/org/junit/jupiter/junit-jupiter-params/5.7.0/junit-jupiter-params-5.7.0.jar:/Users/matthiasngeo/.m2/repository/org/mockito/mockito-core/3.5.13/mockito-core-3.5.13.jar:/Users/matthiasngeo/.m2/repository/net/bytebuddy/byte-buddy/1.10.15/byte-buddy-1.10.15.jar:/Users/matthiasngeo/.m2/repository/net/bytebuddy/byte-buddy-agent/1.10.15/byte-buddy-agent-1.10.15.jar:/Users/matthiasngeo/.m2/repository/org/objenesis/objenesis/3.1/objenesis-3.1.jar:/Users/matthiasngeo/.m2/repository/org/mockito/mockito-junit-jupiter/3.5.13/mockito-junit-jupiter-3.5.13.jar:"/>
    <property name="java.vm.vendor" value="AdoptOpenJDK"/>
    <property name="sun.arch.data.model" value="64"/>
    <property name="java.vendor.url" value="https://adoptopenjdk.net/"/>
    <property name="os.name" value="Mac OS X"/>
    <property name="java.vm.specification.version" value="14"/>
    <property name="user.country" value="GB"/>
    <property name="sun.java.launcher" value="SUN_STANDARD"/>
    <property name="sun.boot.library.path" value="/Library/Java/JavaVirtualMachines/adoptopenjdk-14.jdk/Contents/Home/lib"/>
    <property name="sun.java.command" value="/Users/matthiasngeo/Documents/NetBeansProjects/Chimera/puff/target/surefire/surefirebooter15037531141080882608.jar /Users/matthiasngeo/Documents/NetBeansProjects/Chimera/puff/target/surefire 2020-10-28T23-38-31_458-jvmRun1 surefire16070676196229343364tmp surefire_04275651186397632579tmp"/>
    <property name="http.nonProxyHosts" value="local|*.local|169.254/16|*.169.254/16"/>
    <property name="jdk.debug" value="release"/>
    <property name="surefire.test.class.path" value="/Users/matthiasngeo/Documents/NetBeansProjects/Chimera/puff/target/test-classes:/Users/matthiasngeo/Documents/NetBeansProjects/Chimera/puff/target/classes:/Users/matthiasngeo/.m2/repository/com/karuslabs/annotations/4.9.0-SNAPSHOT/annotations-4.9.0-SNAPSHOT.jar:/Users/matthiasngeo/.m2/repository/org/checkerframework/checker-qual/3.7.0/checker-qual-3.7.0.jar:/Users/matthiasngeo/.m2/repository/org/junit/jupiter/junit-jupiter-api/5.7.0/junit-jupiter-api-5.7.0.jar:/Users/matthiasngeo/.m2/repository/org/apiguardian/apiguardian-api/1.1.0/apiguardian-api-1.1.0.jar:/Users/matthiasngeo/.m2/repository/org/opentest4j/opentest4j/1.2.0/opentest4j-1.2.0.jar:/Users/matthiasngeo/.m2/repository/org/junit/platform/junit-platform-commons/1.7.0/junit-platform-commons-1.7.0.jar:/Users/matthiasngeo/.m2/repository/org/junit/platform/junit-platform-launcher/1.7.0/junit-platform-launcher-1.7.0.jar:/Users/matthiasngeo/.m2/repository/org/junit/platform/junit-platform-engine/1.7.0/junit-platform-engine-1.7.0.jar:/Users/matthiasngeo/.m2/repository/org/junit/jupiter/junit-jupiter-engine/5.7.0/junit-jupiter-engine-5.7.0.jar:/Users/matthiasngeo/.m2/repository/org/junit/jupiter/junit-jupiter-params/5.7.0/junit-jupiter-params-5.7.0.jar:/Users/matthiasngeo/.m2/repository/org/mockito/mockito-core/3.5.13/mockito-core-3.5.13.jar:/Users/matthiasngeo/.m2/repository/net/bytebuddy/byte-buddy/1.10.15/byte-buddy-1.10.15.jar:/Users/matthiasngeo/.m2/repository/net/bytebuddy/byte-buddy-agent/1.10.15/byte-buddy-agent-1.10.15.jar:/Users/matthiasngeo/.m2/repository/org/objenesis/objenesis/3.1/objenesis-3.1.jar:/Users/matthiasngeo/.m2/repository/org/mockito/mockito-junit-jupiter/3.5.13/mockito-junit-jupiter-3.5.13.jar:"/>
    <property name="sun.cpu.endian" value="little"/>
    <property name="user.home" value="/Users/matthiasngeo"/>
    <property name="user.language" value="en"/>
    <property name="java.specification.vendor" value="Oracle Corporation"/>
    <property name="java.version.date" value="2020-07-14"/>
    <property name="java.home" value="/Library/Java/JavaVirtualMachines/adoptopenjdk-14.jdk/Contents/Home"/>
    <property name="file.separator" value="/"/>
    <property name="basedir" value="/Users/matthiasngeo/Documents/NetBeansProjects/Chimera/puff"/>
    <property name="java.vm.compressedOopsMode" value="Zero based"/>
    <property name="line.separator" value="&#10;"/>
    <property name="java.specification.name" value="Java Platform API Specification"/>
    <property name="java.vm.specification.vendor" value="Oracle Corporation"/>
    <property name="surefire.real.class.path" value="/Users/matthiasngeo/Documents/NetBeansProjects/Chimera/puff/target/surefire/surefirebooter15037531141080882608.jar"/>
    <property name="sun.management.compiler" value="HotSpot 64-Bit Tiered Compilers"/>
    <property name="ftp.nonProxyHosts" value="local|*.local|169.254/16|*.169.254/16"/>
    <property name="java.runtime.version" value="14.0.2+12"/>
    <property name="user.name" value="matthiasngeo"/>
    <property name="path.separator" value=":"/>
    <property name="os.version" value="10.15.7"/>
    <property name="java.runtime.name" value="OpenJDK Runtime Environment"/>
    <property name="file.encoding" value="UTF-8"/>
    <property name="java.vm.name" value="OpenJDK 64-Bit Server VM"/>
    <property name="java.vendor.version" value="AdoptOpenJDK"/>
    <property name="maven.ext.class.path" value="/Applications/NetBeans/Apache NetBeans 12.0.app/Contents/Resources/NetBeans/netbeans/java/maven-nblib/netbeans-eventspy.jar"/>
    <property name="localRepository" value="/Users/matthiasngeo/.m2/repository"/>
    <property name="java.vendor.url.bug" value="https://github.com/AdoptOpenJDK/openjdk-support/issues"/>
    <property name="java.io.tmpdir" value="/var/folders/06/81mscvfj091f0nsv1150stlc0000gn/T/"/>
    <property name="java.version" value="14.0.2"/>
    <property name="user.dir" value="/Users/matthiasngeo/Documents/NetBeansProjects/Chimera/puff"/>
    <property name="os.arch" value="x86_64"/>
    <property name="java.vm.specification.name" value="Java Virtual Machine Specification"/>
    <property name="java.library.path" value="/Users/matthiasngeo/Library/Java/Extensions:/Library/Java/Extensions:/Network/Library/Java/Extensions:/System/Library/Java/Extensions:/usr/lib/java:."/>
    <property name="java.vm.info" value="mixed mode, sharing"/>
    <property name="java.vendor" value="AdoptOpenJDK"/>
    <property name="java.vm.version" value="14.0.2+12"/>
    <property name="sun.io.unicode.encoding" value="UnicodeBig"/>
    <property name="socksNonProxyHosts" value="local|*.local|169.254/16|*.169.254/16"/>
    <property name="java.class.version" value="58.0"/>
  </properties>
  <testcase name="log_value{BiConsumer, Kind}[1]" classname="com.karuslabs.smoke.LogTest" time="0.001"/>
  <testcase name="log_value{BiConsumer, Kind}[2]" classname="com.karuslabs.smoke.LogTest" time="0.002"/>
  <testcase name="log_value{BiConsumer, Kind}[3]" classname="com.karuslabs.smoke.LogTest" time="0.001"/>
  <testcase name="log_value_reason{PartialPrinter, Kind}[1]" classname="com.karuslabs.smoke.LogTest" time="0.001"/>
  <testcase name="log_value_reason{PartialPrinter, Kind}[2]" classname="com.karuslabs.smoke.LogTest" time="0.001"/>
  <testcase name="log_value_reason{PartialPrinter, Kind}[3]" classname="com.karuslabs.smoke.LogTest" time="0.001"/>
  <testcase name="clear" classname="com.karuslabs.smoke.LogTest" time="0.001"/>
  <testcase name="log_value_reason_resolution{Printer, Kind}[1]" classname="com.karuslabs.smoke.LogTest" time="0.002"/>
  <testcase name="log_value_reason_resolution{Printer, Kind}[2]" classname="com.karuslabs.smoke.LogTest" time="0.001"/>
  <testcase name="log_value_reason_resolution{Printer, Kind}[3]" classname="com.karuslabs.smoke.LogTest" time="0.001"/>
</testsuite>